1709153211: mosquitto version 2.0.18 starting
1709153211: Config loaded from /mosquitto/config/mosquitto.conf.
1709153211: Opening ipv4 listen socket on port 1883.
1709153211: Opening ipv6 listen socket on port 1883.
1709153211: mosquitto version 2.0.18 running
1709153694: mosquitto version 2.0.18 terminating
1709153694: Saving in-memory database to /mosquitto/data//mosquitto.db.
1709153702: mosquitto version 2.0.18 starting
1709153702: Config loaded from /mosquitto/config/mosquitto.conf.
1709153702: Opening ipv4 listen socket on port 1883.
1709153702: Opening ipv6 listen socket on port 1883.
1709153702: mosquitto version 2.0.18 running
1709153711: mosquitto version 2.0.18 terminating
1709153711: Saving in-memory database to /mosquitto/data//mosquitto.db.
1709154529: mosquitto version 2.0.18 starting
1709154529: Config loaded from /mosquitto/config/mosquitto.conf.
1709154529: Opening ipv4 listen socket on port 1883.
1709154529: Opening ipv6 listen socket on port 1883.
1709154529: mosquitto version 2.0.18 running
1709155041: mosquitto version 2.0.18 terminating
1709155041: Saving in-memory database to /mosquitto/data//mosquitto.db.
1709155073: mosquitto version 2.0.18 starting
1709155073: Config loaded from /mosquitto/config/mosquitto.conf.
1709155073: Opening ipv4 listen socket on port 1883.
1709155073: Opening ipv6 listen socket on port 1883.
1709155073: mosquitto version 2.0.18 running
1709155084: mosquitto version 2.0.18 terminating
1709155084: Saving in-memory database to /mosquitto/data//mosquitto.db.
1709155169: mosquitto version 2.0.18 starting
1709155169: Config loaded from /mosquitto/config/mosquitto.conf.
1709155169: Opening ipv4 listen socket on port 1883.
1709155169: Opening ipv6 listen socket on port 1883.
1709155169: mosquitto version 2.0.18 running
1709155187: mosquitto version 2.0.18 terminating
1709155187: Saving in-memory database to /mosquitto/data//mosquitto.db.
1709155245: mosquitto version 2.0.18 starting
1709155245: Config loaded from /mosquitto/config/mosquitto.conf.
1709155245: Opening ipv4 listen socket on port 1883.
1709155245: Opening ipv6 listen socket on port 1883.
1709155245: mosquitto version 2.0.18 running
1709155735: New connection from 172.18.0.3:35035 on port 1883.
1709155735: New client connected from 172.18.0.3:35035 as auto-F1412841-4FC0-C5DF-128A-FBFE6748AD0B (p2, c1, k60).
1709155755: Client auto-F1412841-4FC0-C5DF-128A-FBFE6748AD0B closed its connection.
1709381900: mosquitto version 2.0.18 starting
1709381900: Config loaded from /mosquitto/config/mosquitto.conf.
1709381900: Opening ipv4 listen socket on port 1883.
1709381900: Opening ipv6 listen socket on port 1883.
1709381900: mosquitto version 2.0.18 running
1709381902: New connection from 172.18.0.3:43787 on port 1883.
1709381902: New client connected from 172.18.0.3:43787 as auto-4C4EE09A-F936-48B1-5649-A780156C0064 (p2, c1, k60).
1709383701: Saving in-memory database to /mosquitto/data//mosquitto.db.
1709385502: Saving in-memory database to /mosquitto/data//mosquitto.db.
1709387303: Saving in-memory database to /mosquitto/data//mosquitto.db.
1709389104: Saving in-memory database to /mosquitto/data//mosquitto.db.
1709390905: Saving in-memory database to /mosquitto/data//mosquitto.db.
1709391047: New connection from 172.18.0.1:57096 on port 1883.
1709391047: New client connected from 172.18.0.1:57096 as mqtt-explorer-3aef83c9 (p2, c1, k60).
1709391072: Client mqtt-explorer-3aef83c9 disconnected.
1709391114: New connection from 172.18.0.1:32864 on port 1883.
1709391114: New client connected from 172.18.0.1:32864 as mqtt-explorer-3aef83c9 (p2, c1, k60).
1709391151: Client mqtt-explorer-3aef83c9 disconnected.
1709391497: New connection from 172.18.0.1:43982 on port 1883.
1709391497: New client connected from 172.18.0.1:43982 as mqtt-explorer-3aef83c9 (p2, c1, k60).
1709391781: Client mqtt-explorer-3aef83c9 disconnected.
1709391821: New connection from 172.18.0.1:53878 on port 1883.
1709391821: New client connected from 172.18.0.1:53878 as mqtt-explorer-3aef83c9 (p2, c1, k60).
1709391850: Client mqtt-explorer-3aef83c9 disconnected.
1709392467: mosquitto version 2.0.18 starting
1709392467: Config loaded from /mosquitto/config/mosquitto.conf.
1709392467: Opening ipv4 listen socket on port 1883.
1709392467: Opening ipv6 listen socket on port 1883.
1709392467: mosquitto version 2.0.18 running
1709392469: New connection from 172.18.0.3:53971 on port 1883.
1709392469: New client connected from 172.18.0.3:53971 as auto-6D4F7675-AD0D-C7CA-9DA7-BC085C97CE38 (p2, c1, k60).
1709394268: Saving in-memory database to /mosquitto/data//mosquitto.db.
1709396069: Saving in-memory database to /mosquitto/data//mosquitto.db.
1709397870: Saving in-memory database to /mosquitto/data//mosquitto.db.
1709399671: Saving in-memory database to /mosquitto/data//mosquitto.db.
1709400228: Client auto-6D4F7675-AD0D-C7CA-9DA7-BC085C97CE38 closed its connection.
1709400229: mosquitto version 2.0.18 terminating
1709400229: Saving in-memory database to /mosquitto/data//mosquitto.db.
1709400237: mosquitto version 2.0.18 starting
1709400237: Config loaded from /mosquitto/config/mosquitto.conf.
1709400237: Opening ipv4 listen socket on port 1883.
1709400237: Opening ipv6 listen socket on port 1883.
1709400237: mosquitto version 2.0.18 running
1709400240: New connection from 172.18.0.3:56169 on port 1883.
1709400240: New client connected from 172.18.0.3:56169 as auto-9957894C-5EBA-E104-2C26-FE89CFE16E95 (p2, c1, k60).
1709400884: Client auto-9957894C-5EBA-E104-2C26-FE89CFE16E95 closed its connection.
1709400885: mosquitto version 2.0.18 terminating
1709400885: Saving in-memory database to /mosquitto/data//mosquitto.db.
1709401897: mosquitto version 2.0.18 starting
1709401897: Config loaded from /mosquitto/config/mosquitto.conf.
1709401897: Opening ipv4 listen socket on port 1883.
1709401897: Opening ipv6 listen socket on port 1883.
1709401897: mosquitto version 2.0.18 running
1709401899: New connection from 172.18.0.3:34841 on port 1883.
1709401899: New client connected from 172.18.0.3:34841 as auto-15C258F4-45D9-8A9B-DA34-6421DE40863D (p2, c1, k60).
1709402202: Client auto-15C258F4-45D9-8A9B-DA34-6421DE40863D closed its connection.
1709402203: mosquitto version 2.0.18 terminating
1709402203: Saving in-memory database to /mosquitto/data//mosquitto.db.
